2016-06-08 16:56:41 =SUPERVISOR REPORT====
     Supervisor: {local,'Elixir.Logger.Supervisor'}
     Context:    child_terminated
     Reason:     normal
     Offender:   [{pid,<0.160.0>},{id,'Elixir.Logger.ErrorHandler'},{mfargs,{'Elixir.Logger.Watcher',watcher,[error_logger,'Elixir.Logger.ErrorHandler',{true,false,500},link]}},{restart_type,permanent},{shutdown,5000},{child_type,worker}]

2016-06-08 16:57:33 =CRASH REPORT====
  crasher:
    initial call: supervisor:Elixir.Karibuex.Server.Supervisor/1
    pid: <0.212.0>
    registered_name: []
    exception exit: {{noproc,{gen_server,call,[worker_pool,{checkout,#Ref<0.0.4.370>,true},5000]}},[{gen_server,init_it,6,[{file,"gen_server.erl"},{line,352}]},{proc_lib,init_p_do_apply,3,[{file,"proc_lib.erl"},{line,240}]}]}
    ancestors: [<0.211.0>]
    messages: []
    links: [<0.211.0>,<0.213.0>]
    dictionary: []
    trap_exit: true
    status: running
    heap_size: 1598
    stack_size: 27
    reductions: 255
  neighbours:
2016-06-08 17:01:15 =SUPERVISOR REPORT====
     Supervisor: {local,'Elixir.Logger.Supervisor'}
     Context:    child_terminated
     Reason:     normal
     Offender:   [{pid,<0.228.0>},{id,'Elixir.Logger.ErrorHandler'},{mfargs,{'Elixir.Logger.Watcher',watcher,[error_logger,'Elixir.Logger.ErrorHandler',{true,false,500},link]}},{restart_type,permanent},{shutdown,5000},{child_type,worker}]

2016-06-08 17:01:21 =CRASH REPORT====
  crasher:
    initial call: supervisor:Elixir.Karibuex.Server.Supervisor/1
    pid: <0.280.0>
    registered_name: []
    exception exit: {{noproc,{gen_server,call,[worker_pool,{checkout,#Ref<0.0.2.1362>,true},5000]}},[{gen_server,init_it,6,[{file,"gen_server.erl"},{line,352}]},{proc_lib,init_p_do_apply,3,[{file,"proc_lib.erl"},{line,240}]}]}
    ancestors: [<0.279.0>]
    messages: []
    links: [<0.279.0>,<0.281.0>]
    dictionary: []
    trap_exit: true
    status: running
    heap_size: 1598
    stack_size: 27
    reductions: 255
  neighbours:
2016-06-08 17:03:26 =SUPERVISOR REPORT====
     Supervisor: {local,'Elixir.Logger.Supervisor'}
     Context:    child_terminated
     Reason:     normal
     Offender:   [{pid,<0.160.0>},{id,'Elixir.Logger.ErrorHandler'},{mfargs,{'Elixir.Logger.Watcher',watcher,[error_logger,'Elixir.Logger.ErrorHandler',{true,false,500},link]}},{restart_type,permanent},{shutdown,5000},{child_type,worker}]

2016-06-08 17:03:54 =SUPERVISOR REPORT====
     Supervisor: {local,'Elixir.Logger.Supervisor'}
     Context:    child_terminated
     Reason:     normal
     Offender:   [{pid,<0.154.0>},{id,'Elixir.Logger.ErrorHandler'},{mfargs,{'Elixir.Logger.Watcher',watcher,[error_logger,'Elixir.Logger.ErrorHandler',{true,false,500},link]}},{restart_type,permanent},{shutdown,5000},{child_type,worker}]

2016-06-08 17:39:19 =SUPERVISOR REPORT====
     Supervisor: {local,'Elixir.Logger.Supervisor'}
     Context:    child_terminated
     Reason:     normal
     Offender:   [{pid,<0.160.0>},{id,'Elixir.Logger.ErrorHandler'},{mfargs,{'Elixir.Logger.Watcher',watcher,[error_logger,'Elixir.Logger.ErrorHandler',{true,false,500},link]}},{restart_type,permanent},{shutdown,5000},{child_type,worker}]

2016-06-08 17:39:23 =CRASH REPORT====
  crasher:
    initial call: supervisor:Elixir.Karibuex.Server.Supervisor/1
    pid: <0.212.0>
    registered_name: []
    exception exit: {{noproc,{gen_server,call,[worker_pool,{checkout,#Ref<0.0.1.389>,true},5000]}},[{gen_server,init_it,6,[{file,"gen_server.erl"},{line,352}]},{proc_lib,init_p_do_apply,3,[{file,"proc_lib.erl"},{line,240}]}]}
    ancestors: [<0.211.0>]
    messages: []
    links: [<0.211.0>,<0.213.0>]
    dictionary: []
    trap_exit: true
    status: running
    heap_size: 1598
    stack_size: 27
    reductions: 255
  neighbours:
2016-06-08 18:33:27 =SUPERVISOR REPORT====
     Supervisor: {local,'Elixir.Logger.Supervisor'}
     Context:    child_terminated
     Reason:     normal
     Offender:   [{pid,<0.160.0>},{id,'Elixir.Logger.ErrorHandler'},{mfargs,{'Elixir.Logger.Watcher',watcher,[error_logger,'Elixir.Logger.ErrorHandler',{true,false,500},link]}},{restart_type,permanent},{shutdown,5000},{child_type,worker}]

2016-06-08 18:33:32 =CRASH REPORT====
  crasher:
    initial call: supervisor:Elixir.Karibuex.Server.Supervisor/1
    pid: <0.212.0>
    registered_name: []
    exception exit: {{undef,[{'Elixir.Karibu.Server.Dispatcher',start_link,[#{'__struct__' => 'Elixir.Karibuex.Config',modules => ['Elixir.UserModuleTest'],modules_str => [<<"UserModuleTest">>],port => 5000,timeout => 1000,workers => 10}],[]},{'Elixir.Karibuex.Server.Listener',loop,2,[{file,"lib/karibuex/server/listener.ex"},{line,16}]},{'Elixir.Karibuex.Server.Supervisor',init,1,[{file,"lib/karibuex/server/supervisor.ex"},{line,25}]},{supervisor,init,1,[{file,"supervisor.erl"},{line,287}]},{gen_server,init_it,6,[{file,"gen_server.erl"},{line,328}]},{proc_lib,init_p_do_apply,3,[{file,"proc_lib.erl"},{line,240}]}]},[{gen_server,init_it,6,[{file,"gen_server.erl"},{line,352}]},{proc_lib,init_p_do_apply,3,[{file,"proc_lib.erl"},{line,240}]}]}
    ancestors: [<0.211.0>]
    messages: []
    links: [<0.211.0>,<0.213.0>]
    dictionary: []
    trap_exit: true
    status: running
    heap_size: 987
    stack_size: 27
    reductions: 240
  neighbours:
2016-06-08 18:33:32 =CRASH REPORT====
  crasher:
    initial call: application_master:init/4
    pid: <0.210.0>
    registered_name: []
    exception exit: {{{undef,[{'Elixir.Karibu.Server.Dispatcher',start_link,[#{'__struct__' => 'Elixir.Karibuex.Config',modules => ['Elixir.UserModuleTest'],modules_str => [<<"UserModuleTest">>],port => 5000,timeout => 1000,workers => 10}],[]},{'Elixir.Karibuex.Server.Listener',loop,2,[{file,"lib/karibuex/server/listener.ex"},{line,16}]},{'Elixir.Karibuex.Server.Supervisor',init,1,[{file,"lib/karibuex/server/supervisor.ex"},{line,25}]},{supervisor,init,1,[{file,"supervisor.erl"},{line,287}]},{gen_server,init_it,6,[{file,"gen_server.erl"},{line,328}]},{proc_lib,init_p_do_apply,3,[{file,"proc_lib.erl"},{line,240}]}]},{'Elixir.Karibuex',start,[normal,[]]}},[{application_master,init,4,[{file,"application_master.erl"},{line,134}]},{proc_lib,init_p_do_apply,3,[{file,"proc_lib.erl"},{line,240}]}]}
    ancestors: [<0.209.0>]
    messages: [{'EXIT',<0.211.0>,normal}]
    links: [<0.209.0>,<0.7.0>]
    dictionary: []
    trap_exit: true
    status: running
    heap_size: 987
    stack_size: 27
    reductions: 182
  neighbours:
2016-06-08 18:35:18 =SUPERVISOR REPORT====
     Supervisor: {local,'Elixir.Logger.Supervisor'}
     Context:    child_terminated
     Reason:     normal
     Offender:   [{pid,<0.154.0>},{id,'Elixir.Logger.ErrorHandler'},{mfargs,{'Elixir.Logger.Watcher',watcher,[error_logger,'Elixir.Logger.ErrorHandler',{true,false,500},link]}},{restart_type,permanent},{shutdown,5000},{child_type,worker}]

2016-06-08 18:37:12 =SUPERVISOR REPORT====
     Supervisor: {local,'Elixir.Logger.Supervisor'}
     Context:    child_terminated
     Reason:     normal
     Offender:   [{pid,<0.154.0>},{id,'Elixir.Logger.ErrorHandler'},{mfargs,{'Elixir.Logger.Watcher',watcher,[error_logger,'Elixir.Logger.ErrorHandler',{true,false,500},link]}},{restart_type,permanent},{shutdown,5000},{child_type,worker}]

2016-06-08 18:38:34 =SUPERVISOR REPORT====
     Supervisor: {local,'Elixir.Logger.Supervisor'}
     Context:    child_terminated
     Reason:     normal
     Offender:   [{pid,<0.154.0>},{id,'Elixir.Logger.ErrorHandler'},{mfargs,{'Elixir.Logger.Watcher',watcher,[error_logger,'Elixir.Logger.ErrorHandler',{true,false,500},link]}},{restart_type,permanent},{shutdown,5000},{child_type,worker}]

2016-06-08 18:39:54 =SUPERVISOR REPORT====
     Supervisor: {local,'Elixir.Logger.Supervisor'}
     Context:    child_terminated
     Reason:     normal
     Offender:   [{pid,<0.154.0>},{id,'Elixir.Logger.ErrorHandler'},{mfargs,{'Elixir.Logger.Watcher',watcher,[error_logger,'Elixir.Logger.ErrorHandler',{true,false,500},link]}},{restart_type,permanent},{shutdown,5000},{child_type,worker}]

2016-06-08 18:41:55 =SUPERVISOR REPORT====
     Supervisor: {local,'Elixir.Logger.Supervisor'}
     Context:    child_terminated
     Reason:     normal
     Offender:   [{pid,<0.154.0>},{id,'Elixir.Logger.ErrorHandler'},{mfargs,{'Elixir.Logger.Watcher',watcher,[error_logger,'Elixir.Logger.ErrorHandler',{true,false,500},link]}},{restart_type,permanent},{shutdown,5000},{child_type,worker}]

2016-06-08 18:43:24 =SUPERVISOR REPORT====
     Supervisor: {local,'Elixir.Logger.Supervisor'}
     Context:    child_terminated
     Reason:     normal
     Offender:   [{pid,<0.154.0>},{id,'Elixir.Logger.ErrorHandler'},{mfargs,{'Elixir.Logger.Watcher',watcher,[error_logger,'Elixir.Logger.ErrorHandler',{true,false,500},link]}},{restart_type,permanent},{shutdown,5000},{child_type,worker}]

2016-06-08 18:44:39 =SUPERVISOR REPORT====
     Supervisor: {local,'Elixir.Logger.Supervisor'}
     Context:    child_terminated
     Reason:     normal
     Offender:   [{pid,<0.154.0>},{id,'Elixir.Logger.ErrorHandler'},{mfargs,{'Elixir.Logger.Watcher',watcher,[error_logger,'Elixir.Logger.ErrorHandler',{true,false,500},link]}},{restart_type,permanent},{shutdown,5000},{child_type,worker}]

2016-06-08 18:46:31 =SUPERVISOR REPORT====
     Supervisor: {local,'Elixir.Logger.Supervisor'}
     Context:    child_terminated
     Reason:     normal
     Offender:   [{pid,<0.154.0>},{id,'Elixir.Logger.ErrorHandler'},{mfargs,{'Elixir.Logger.Watcher',watcher,[error_logger,'Elixir.Logger.ErrorHandler',{true,false,500},link]}},{restart_type,permanent},{shutdown,5000},{child_type,worker}]

2016-06-09 10:38:17 =SUPERVISOR REPORT====
     Supervisor: {local,'Elixir.Logger.Supervisor'}
     Context:    child_terminated
     Reason:     normal
     Offender:   [{pid,<0.154.0>},{id,'Elixir.Logger.ErrorHandler'},{mfargs,{'Elixir.Logger.Watcher',watcher,[error_logger,'Elixir.Logger.ErrorHandler',{true,false,500},link]}},{restart_type,permanent},{shutdown,5000},{child_type,worker}]

2016-06-09 10:40:11 =SUPERVISOR REPORT====
     Supervisor: {local,'Elixir.Logger.Supervisor'}
     Context:    child_terminated
     Reason:     normal
     Offender:   [{pid,<0.154.0>},{id,'Elixir.Logger.ErrorHandler'},{mfargs,{'Elixir.Logger.Watcher',watcher,[error_logger,'Elixir.Logger.ErrorHandler',{true,false,500},link]}},{restart_type,permanent},{shutdown,5000},{child_type,worker}]

2016-06-09 10:42:38 =SUPERVISOR REPORT====
     Supervisor: {local,'Elixir.Logger.Supervisor'}
     Context:    child_terminated
     Reason:     normal
     Offender:   [{pid,<0.154.0>},{id,'Elixir.Logger.ErrorHandler'},{mfargs,{'Elixir.Logger.Watcher',watcher,[error_logger,'Elixir.Logger.ErrorHandler',{true,false,500},link]}},{restart_type,permanent},{shutdown,5000},{child_type,worker}]

2016-06-09 10:43:08 =SUPERVISOR REPORT====
     Supervisor: {local,'Elixir.Logger.Supervisor'}
     Context:    child_terminated
     Reason:     normal
     Offender:   [{pid,<0.154.0>},{id,'Elixir.Logger.ErrorHandler'},{mfargs,{'Elixir.Logger.Watcher',watcher,[error_logger,'Elixir.Logger.ErrorHandler',{true,false,500},link]}},{restart_type,permanent},{shutdown,5000},{child_type,worker}]

2016-06-09 10:43:38 =SUPERVISOR REPORT====
     Supervisor: {local,'Elixir.Logger.Supervisor'}
     Context:    child_terminated
     Reason:     normal
     Offender:   [{pid,<0.154.0>},{id,'Elixir.Logger.ErrorHandler'},{mfargs,{'Elixir.Logger.Watcher',watcher,[error_logger,'Elixir.Logger.ErrorHandler',{true,false,500},link]}},{restart_type,permanent},{shutdown,5000},{child_type,worker}]

2016-06-09 10:44:27 =SUPERVISOR REPORT====
     Supervisor: {local,'Elixir.Logger.Supervisor'}
     Context:    child_terminated
     Reason:     normal
     Offender:   [{pid,<0.154.0>},{id,'Elixir.Logger.ErrorHandler'},{mfargs,{'Elixir.Logger.Watcher',watcher,[error_logger,'Elixir.Logger.ErrorHandler',{true,false,500},link]}},{restart_type,permanent},{shutdown,5000},{child_type,worker}]

2016-06-09 10:44:49 =SUPERVISOR REPORT====
     Supervisor: {local,'Elixir.Logger.Supervisor'}
     Context:    child_terminated
     Reason:     normal
     Offender:   [{pid,<0.154.0>},{id,'Elixir.Logger.ErrorHandler'},{mfargs,{'Elixir.Logger.Watcher',watcher,[error_logger,'Elixir.Logger.ErrorHandler',{true,false,500},link]}},{restart_type,permanent},{shutdown,5000},{child_type,worker}]

2016-06-09 10:45:20 =SUPERVISOR REPORT====
     Supervisor: {local,'Elixir.Logger.Supervisor'}
     Context:    child_terminated
     Reason:     normal
     Offender:   [{pid,<0.154.0>},{id,'Elixir.Logger.ErrorHandler'},{mfargs,{'Elixir.Logger.Watcher',watcher,[error_logger,'Elixir.Logger.ErrorHandler',{true,false,500},link]}},{restart_type,permanent},{shutdown,5000},{child_type,worker}]

2016-06-09 10:47:37 =SUPERVISOR REPORT====
     Supervisor: {local,'Elixir.Logger.Supervisor'}
     Context:    child_terminated
     Reason:     normal
     Offender:   [{pid,<0.154.0>},{id,'Elixir.Logger.ErrorHandler'},{mfargs,{'Elixir.Logger.Watcher',watcher,[error_logger,'Elixir.Logger.ErrorHandler',{true,false,500},link]}},{restart_type,permanent},{shutdown,5000},{child_type,worker}]

2016-06-09 10:56:07 =SUPERVISOR REPORT====
     Supervisor: {local,'Elixir.Logger.Supervisor'}
     Context:    child_terminated
     Reason:     normal
     Offender:   [{pid,<0.154.0>},{id,'Elixir.Logger.ErrorHandler'},{mfargs,{'Elixir.Logger.Watcher',watcher,[error_logger,'Elixir.Logger.ErrorHandler',{true,false,500},link]}},{restart_type,permanent},{shutdown,5000},{child_type,worker}]

2016-06-09 10:56:37 =SUPERVISOR REPORT====
     Supervisor: {local,'Elixir.Logger.Supervisor'}
     Context:    child_terminated
     Reason:     normal
     Offender:   [{pid,<0.154.0>},{id,'Elixir.Logger.ErrorHandler'},{mfargs,{'Elixir.Logger.Watcher',watcher,[error_logger,'Elixir.Logger.ErrorHandler',{true,false,500},link]}},{restart_type,permanent},{shutdown,5000},{child_type,worker}]

2016-06-09 10:57:25 =SUPERVISOR REPORT====
     Supervisor: {local,'Elixir.Logger.Supervisor'}
     Context:    child_terminated
     Reason:     normal
     Offender:   [{pid,<0.154.0>},{id,'Elixir.Logger.ErrorHandler'},{mfargs,{'Elixir.Logger.Watcher',watcher,[error_logger,'Elixir.Logger.ErrorHandler',{true,false,500},link]}},{restart_type,permanent},{shutdown,5000},{child_type,worker}]

2016-06-09 10:57:53 =SUPERVISOR REPORT====
     Supervisor: {local,'Elixir.Logger.Supervisor'}
     Context:    child_terminated
     Reason:     normal
     Offender:   [{pid,<0.154.0>},{id,'Elixir.Logger.ErrorHandler'},{mfargs,{'Elixir.Logger.Watcher',watcher,[error_logger,'Elixir.Logger.ErrorHandler',{true,false,500},link]}},{restart_type,permanent},{shutdown,5000},{child_type,worker}]

2016-06-09 11:03:26 =SUPERVISOR REPORT====
     Supervisor: {local,'Elixir.Logger.Supervisor'}
     Context:    child_terminated
     Reason:     normal
     Offender:   [{pid,<0.154.0>},{id,'Elixir.Logger.ErrorHandler'},{mfargs,{'Elixir.Logger.Watcher',watcher,[error_logger,'Elixir.Logger.ErrorHandler',{true,false,500},link]}},{restart_type,permanent},{shutdown,5000},{child_type,worker}]

2016-06-09 11:05:35 =SUPERVISOR REPORT====
     Supervisor: {local,'Elixir.Logger.Supervisor'}
     Context:    child_terminated
     Reason:     normal
     Offender:   [{pid,<0.166.0>},{id,'Elixir.Logger.ErrorHandler'},{mfargs,{'Elixir.Logger.Watcher',watcher,[error_logger,'Elixir.Logger.ErrorHandler',{true,false,500},link]}},{restart_type,permanent},{shutdown,5000},{child_type,worker}]

2016-06-09 11:05:38 =CRASH REPORT====
  crasher:
    initial call: supervisor:Elixir.Karibuex.Server.Supervisor/1
    pid: <0.218.0>
    registered_name: []
    exception exit: {{noproc,{gen_server,call,[worker_pool,{checkout,#Ref<0.0.3.372>,true},5000]}},[{gen_server,init_it,6,[{file,"gen_server.erl"},{line,352}]},{proc_lib,init_p_do_apply,3,[{file,"proc_lib.erl"},{line,240}]}]}
    ancestors: [<0.217.0>]
    messages: []
    links: [<0.217.0>,<0.219.0>]
    dictionary: []
    trap_exit: true
    status: running
    heap_size: 1598
    stack_size: 27
    reductions: 255
  neighbours:
2016-06-09 11:08:44 =SUPERVISOR REPORT====
     Supervisor: {local,'Elixir.Logger.Supervisor'}
     Context:    child_terminated
     Reason:     normal
     Offender:   [{pid,<0.154.0>},{id,'Elixir.Logger.ErrorHandler'},{mfargs,{'Elixir.Logger.Watcher',watcher,[error_logger,'Elixir.Logger.ErrorHandler',{true,false,500},link]}},{restart_type,permanent},{shutdown,5000},{child_type,worker}]

2016-06-09 11:08:47 =CRASH REPORT====
  crasher:
    initial call: supervisor:Elixir.Karibuex.Server.Supervisor/1
    pid: <0.206.0>
    registered_name: []
    exception exit: {{noproc,{gen_server,call,[worker_pool,{checkout,#Ref<0.0.3.383>,true},5000]}},[{gen_server,init_it,6,[{file,"gen_server.erl"},{line,352}]},{proc_lib,init_p_do_apply,3,[{file,"proc_lib.erl"},{line,240}]}]}
    ancestors: [<0.205.0>]
    messages: []
    links: [<0.205.0>,<0.207.0>]
    dictionary: []
    trap_exit: true
    status: running
    heap_size: 1598
    stack_size: 27
    reductions: 255
  neighbours:
2016-06-09 11:10:30 =SUPERVISOR REPORT====
     Supervisor: {local,'Elixir.Logger.Supervisor'}
     Context:    child_terminated
     Reason:     normal
     Offender:   [{pid,<0.154.0>},{id,'Elixir.Logger.ErrorHandler'},{mfargs,{'Elixir.Logger.Watcher',watcher,[error_logger,'Elixir.Logger.ErrorHandler',{true,false,500},link]}},{restart_type,permanent},{shutdown,5000},{child_type,worker}]

2016-06-09 11:10:33 =CRASH REPORT====
  crasher:
    initial call: supervisor:Elixir.Karibuex.Server.Supervisor/1
    pid: <0.206.0>
    registered_name: []
    exception exit: {{noproc,{gen_server,call,[worker_pool,{checkout,#Ref<0.0.2.377>,true},5000]}},[{gen_server,init_it,6,[{file,"gen_server.erl"},{line,352}]},{proc_lib,init_p_do_apply,3,[{file,"proc_lib.erl"},{line,240}]}]}
    ancestors: [<0.205.0>]
    messages: []
    links: [<0.205.0>,<0.207.0>]
    dictionary: []
    trap_exit: true
    status: running
    heap_size: 376
    stack_size: 27
    reductions: 718
  neighbours:
2016-06-09 11:14:03 =SUPERVISOR REPORT====
     Supervisor: {local,'Elixir.Logger.Supervisor'}
     Context:    child_terminated
     Reason:     normal
     Offender:   [{pid,<0.154.0>},{id,'Elixir.Logger.ErrorHandler'},{mfargs,{'Elixir.Logger.Watcher',watcher,[error_logger,'Elixir.Logger.ErrorHandler',{true,false,500},link]}},{restart_type,permanent},{shutdown,5000},{child_type,worker}]

2016-06-09 11:14:05 =CRASH REPORT====
  crasher:
    initial call: supervisor:Elixir.Karibuex.Server.Supervisor/1
    pid: <0.206.0>
    registered_name: []
    exception exit: {{noproc,{gen_server,call,[worker_pool,{checkout,#Ref<0.0.4.310>,true},5000]}},[{gen_server,init_it,6,[{file,"gen_server.erl"},{line,352}]},{proc_lib,init_p_do_apply,3,[{file,"proc_lib.erl"},{line,240}]}]}
    ancestors: [<0.205.0>]
    messages: []
    links: [<0.205.0>,<0.207.0>]
    dictionary: []
    trap_exit: true
    status: running
    heap_size: 376
    stack_size: 27
    reductions: 693
  neighbours:
2016-06-09 11:14:45 =SUPERVISOR REPORT====
     Supervisor: {local,'Elixir.Logger.Supervisor'}
     Context:    child_terminated
     Reason:     normal
     Offender:   [{pid,<0.141.0>},{id,'Elixir.Logger.ErrorHandler'},{mfargs,{'Elixir.Logger.Watcher',watcher,[error_logger,'Elixir.Logger.ErrorHandler',{true,false,500},link]}},{restart_type,permanent},{shutdown,5000},{child_type,worker}]

2016-06-09 11:21:46 =SUPERVISOR REPORT====
     Supervisor: {local,'Elixir.Logger.Supervisor'}
     Context:    child_terminated
     Reason:     normal
     Offender:   [{pid,<0.154.0>},{id,'Elixir.Logger.ErrorHandler'},{mfargs,{'Elixir.Logger.Watcher',watcher,[error_logger,'Elixir.Logger.ErrorHandler',{true,false,500},link]}},{restart_type,permanent},{shutdown,5000},{child_type,worker}]

2016-06-09 11:21:52 =CRASH REPORT====
  crasher:
    initial call: supervisor:Elixir.Karibuex.Server.Supervisor/1
    pid: <0.206.0>
    registered_name: []
    exception exit: {{noproc,{gen_server,call,[worker_pool,{checkout,#Ref<0.0.7.198>,true},5000]}},[{gen_server,init_it,6,[{file,"gen_server.erl"},{line,352}]},{proc_lib,init_p_do_apply,3,[{file,"proc_lib.erl"},{line,240}]}]}
    ancestors: [<0.205.0>]
    messages: []
    links: [<0.205.0>,<0.207.0>]
    dictionary: []
    trap_exit: true
    status: running
    heap_size: 1598
    stack_size: 27
    reductions: 675
  neighbours:
2016-06-09 11:27:41 =SUPERVISOR REPORT====
     Supervisor: {local,'Elixir.Logger.Supervisor'}
     Context:    child_terminated
     Reason:     normal
     Offender:   [{pid,<0.154.0>},{id,'Elixir.Logger.ErrorHandler'},{mfargs,{'Elixir.Logger.Watcher',watcher,[error_logger,'Elixir.Logger.ErrorHandler',{true,false,500},link]}},{restart_type,permanent},{shutdown,5000},{child_type,worker}]

2016-06-09 11:27:45 =CRASH REPORT====
  crasher:
    initial call: supervisor:Elixir.Karibuex.Server.Supervisor/1
    pid: <0.206.0>
    registered_name: []
    exception exit: {{noproc,{gen_server,call,[worker_pool,{checkout,#Ref<0.0.5.292>,true},5000]}},[{gen_server,init_it,6,[{file,"gen_server.erl"},{line,352}]},{proc_lib,init_p_do_apply,3,[{file,"proc_lib.erl"},{line,240}]}]}
    ancestors: [<0.205.0>]
    messages: []
    links: [<0.205.0>,<0.207.0>]
    dictionary: []
    trap_exit: true
    status: running
    heap_size: 1598
    stack_size: 27
    reductions: 671
  neighbours:
2016-06-09 11:35:08 =SUPERVISOR REPORT====
     Supervisor: {local,'Elixir.Logger.Supervisor'}
     Context:    child_terminated
     Reason:     normal
     Offender:   [{pid,<0.228.0>},{id,'Elixir.Logger.ErrorHandler'},{mfargs,{'Elixir.Logger.Watcher',watcher,[error_logger,'Elixir.Logger.ErrorHandler',{true,false,500},link]}},{restart_type,permanent},{shutdown,5000},{child_type,worker}]

2016-06-09 11:35:23 =CRASH REPORT====
  crasher:
    initial call: supervisor:Elixir.Karibuex.Server.Supervisor/1
    pid: <0.280.0>
    registered_name: []
    exception exit: {{noproc,{gen_server,call,[worker_pool,{checkout,#Ref<0.0.2.307>,true},5000]}},[{gen_server,init_it,6,[{file,"gen_server.erl"},{line,352}]},{proc_lib,init_p_do_apply,3,[{file,"proc_lib.erl"},{line,240}]}]}
    ancestors: [<0.279.0>]
    messages: []
    links: [<0.279.0>,<0.281.0>]
    dictionary: []
    trap_exit: true
    status: running
    heap_size: 376
    stack_size: 27
    reductions: 623
  neighbours:
2016-06-09 11:35:23 =ERROR REPORT====
** Generic server <0.281.0> terminating 
** Last message in was {'EXIT',<0.280.0>,{noproc,{gen_server,call,[worker_pool,{checkout,#Ref<0.0.2.307>,true},5000]}}}
** When Server state == {ezmq_socket,{2,0},<0.280.0>,router,{fsm_state,ezmq_socket_router,idle,{state}},<<>>,false,passive,[],none,[],none,[],[{<0.282.0>,[{tcp,5000,[]}]}],[<0.284.0>],[{#Ref<0.0.2.306>,<0.284.0>}]}
** Reason for termination == 
** {noproc,{gen_server,call,[worker_pool,{checkout,#Ref<0.0.2.307>,true},5000]}}
2016-06-09 11:35:23 =CRASH REPORT====
  crasher:
    initial call: ezmq:init/1
    pid: <0.281.0>
    registered_name: []
    exception exit: {{noproc,{gen_server,call,[worker_pool,{checkout,#Ref<0.0.2.307>,true},5000]}},[{gen_server,terminate,7,[{file,"gen_server.erl"},{line,826}]},{proc_lib,init_p_do_apply,3,[{file,"proc_lib.erl"},{line,240}]}]}
    ancestors: [<0.280.0>,<0.279.0>]
    messages: []
    links: [<0.282.0>,<0.284.0>]
    dictionary: []
    trap_exit: true
    status: running
    heap_size: 376
    stack_size: 27
    reductions: 298
  neighbours:
2016-06-09 11:42:29 =SUPERVISOR REPORT====
     Supervisor: {local,'Elixir.Logger.Supervisor'}
     Context:    child_terminated
     Reason:     normal
     Offender:   [{pid,<0.154.0>},{id,'Elixir.Logger.ErrorHandler'},{mfargs,{'Elixir.Logger.Watcher',watcher,[error_logger,'Elixir.Logger.ErrorHandler',{true,false,500},link]}},{restart_type,permanent},{shutdown,5000},{child_type,worker}]

2016-06-09 11:46:47 =SUPERVISOR REPORT====
     Supervisor: {local,'Elixir.Logger.Supervisor'}
     Context:    child_terminated
     Reason:     normal
     Offender:   [{pid,<0.154.0>},{id,'Elixir.Logger.ErrorHandler'},{mfargs,{'Elixir.Logger.Watcher',watcher,[error_logger,'Elixir.Logger.ErrorHandler',{true,false,500},link]}},{restart_type,permanent},{shutdown,5000},{child_type,worker}]

2016-06-09 11:46:47 =CRASH REPORT====
  crasher:
    initial call: supervisor:Elixir.Karibuex.Server.Supervisor/1
    pid: <0.206.0>
    registered_name: []
    exception exit: {{start_spec,{invalid_mfa,{'Elixir.Karibuex.Server.Listener',start_link,#{'__struct__' => 'Elixir.Karibuex.Config',modules => ['Elixir.UserModuleTest'],modules_str => [<<"UserModuleTest">>],port => 5000,timeout => 1000,workers => 10}}}},[{gen_server,init_it,6,[{file,"gen_server.erl"},{line,344}]},{proc_lib,init_p_do_apply,3,[{file,"proc_lib.erl"},{line,240}]}]}
    ancestors: [<0.205.0>]
    messages: []
    links: [<0.205.0>]
    dictionary: []
    trap_exit: true
    status: running
    heap_size: 610
    stack_size: 27
    reductions: 592
  neighbours:
2016-06-09 11:46:47 =CRASH REPORT====
  crasher:
    initial call: application_master:init/4
    pid: <0.204.0>
    registered_name: []
    exception exit: {{{start_spec,{invalid_mfa,{'Elixir.Karibuex.Server.Listener',start_link,#{'__struct__' => 'Elixir.Karibuex.Config',modules => ['Elixir.UserModuleTest'],modules_str => [<<"UserModuleTest">>],port => 5000,timeout => 1000,workers => 10}}}},{'Elixir.Karibuex',start,[normal,[]]}},[{application_master,init,4,[{file,"application_master.erl"},{line,134}]},{proc_lib,init_p_do_apply,3,[{file,"proc_lib.erl"},{line,240}]}]}
    ancestors: [<0.203.0>]
    messages: [{'EXIT',<0.205.0>,normal}]
    links: [<0.203.0>,<0.7.0>]
    dictionary: []
    trap_exit: true
    status: running
    heap_size: 376
    stack_size: 27
    reductions: 117
  neighbours:
2016-06-09 11:50:05 =SUPERVISOR REPORT====
     Supervisor: {local,'Elixir.Logger.Supervisor'}
     Context:    child_terminated
     Reason:     normal
     Offender:   [{pid,<0.154.0>},{id,'Elixir.Logger.ErrorHandler'},{mfargs,{'Elixir.Logger.Watcher',watcher,[error_logger,'Elixir.Logger.ErrorHandler',{true,false,500},link]}},{restart_type,permanent},{shutdown,5000},{child_type,worker}]

2016-06-09 11:50:05 =CRASH REPORT====
  crasher:
    initial call: supervisor:Elixir.Karibuex.Server.Supervisor/1
    pid: <0.206.0>
    registered_name: []
    exception exit: {{start_spec,{invalid_mfa,{'Elixir.Karibuex.Server.Listener',start_link,#{'__struct__' => 'Elixir.Karibuex.Config',modules => ['Elixir.UserModuleTest'],modules_str => [<<"UserModuleTest">>],port => 5000,timeout => 1000,workers => 10}}}},[{gen_server,init_it,6,[{file,"gen_server.erl"},{line,344}]},{proc_lib,init_p_do_apply,3,[{file,"proc_lib.erl"},{line,240}]}]}
    ancestors: [<0.205.0>]
    messages: []
    links: [<0.205.0>]
    dictionary: []
    trap_exit: true
    status: running
    heap_size: 610
    stack_size: 27
    reductions: 585
  neighbours:
2016-06-09 11:50:05 =CRASH REPORT====
  crasher:
    initial call: application_master:init/4
    pid: <0.204.0>
    registered_name: []
    exception exit: {{{start_spec,{invalid_mfa,{'Elixir.Karibuex.Server.Listener',start_link,#{'__struct__' => 'Elixir.Karibuex.Config',modules => ['Elixir.UserModuleTest'],modules_str => [<<"UserModuleTest">>],port => 5000,timeout => 1000,workers => 10}}}},{'Elixir.Karibuex',start,[normal,[]]}},[{application_master,init,4,[{file,"application_master.erl"},{line,134}]},{proc_lib,init_p_do_apply,3,[{file,"proc_lib.erl"},{line,240}]}]}
    ancestors: [<0.203.0>]
    messages: [{'EXIT',<0.205.0>,normal}]
    links: [<0.203.0>,<0.7.0>]
    dictionary: []
    trap_exit: true
    status: running
    heap_size: 376
    stack_size: 27
    reductions: 117
  neighbours:
2016-06-09 11:50:30 =SUPERVISOR REPORT====
     Supervisor: {local,'Elixir.Logger.Supervisor'}
     Context:    child_terminated
     Reason:     normal
     Offender:   [{pid,<0.154.0>},{id,'Elixir.Logger.ErrorHandler'},{mfargs,{'Elixir.Logger.Watcher',watcher,[error_logger,'Elixir.Logger.ErrorHandler',{true,false,500},link]}},{restart_type,permanent},{shutdown,5000},{child_type,worker}]

2016-06-09 11:50:30 =CRASH REPORT====
  crasher:
    initial call: supervisor:Elixir.Karibuex.Server.Supervisor/1
    pid: <0.206.0>
    registered_name: []
    exception exit: {{start_spec,{invalid_mfa,{'Elixir.Karibuex.Server.Listener',start_link,#{'__struct__' => 'Elixir.Karibuex.Config',modules => ['Elixir.UserModuleTest'],modules_str => [<<"UserModuleTest">>],port => 5000,timeout => 1000,workers => 10}}}},[{gen_server,init_it,6,[{file,"gen_server.erl"},{line,344}]},{proc_lib,init_p_do_apply,3,[{file,"proc_lib.erl"},{line,240}]}]}
    ancestors: [<0.205.0>]
    messages: []
    links: [<0.205.0>]
    dictionary: []
    trap_exit: true
    status: running
    heap_size: 610
    stack_size: 27
    reductions: 585
  neighbours:
2016-06-09 11:50:30 =CRASH REPORT====
  crasher:
    initial call: application_master:init/4
    pid: <0.204.0>
    registered_name: []
    exception exit: {{{start_spec,{invalid_mfa,{'Elixir.Karibuex.Server.Listener',start_link,#{'__struct__' => 'Elixir.Karibuex.Config',modules => ['Elixir.UserModuleTest'],modules_str => [<<"UserModuleTest">>],port => 5000,timeout => 1000,workers => 10}}}},{'Elixir.Karibuex',start,[normal,[]]}},[{application_master,init,4,[{file,"application_master.erl"},{line,134}]},{proc_lib,init_p_do_apply,3,[{file,"proc_lib.erl"},{line,240}]}]}
    ancestors: [<0.203.0>]
    messages: [{'EXIT',<0.205.0>,normal}]
    links: [<0.203.0>,<0.7.0>]
    dictionary: []
    trap_exit: true
    status: running
    heap_size: 376
    stack_size: 27
    reductions: 117
  neighbours:
2016-06-09 11:50:59 =SUPERVISOR REPORT====
     Supervisor: {local,'Elixir.Logger.Supervisor'}
     Context:    child_terminated
     Reason:     normal
     Offender:   [{pid,<0.154.0>},{id,'Elixir.Logger.ErrorHandler'},{mfargs,{'Elixir.Logger.Watcher',watcher,[error_logger,'Elixir.Logger.ErrorHandler',{true,false,500},link]}},{restart_type,permanent},{shutdown,5000},{child_type,worker}]

2016-06-09 11:50:59 =CRASH REPORT====
  crasher:
    initial call: supervisor:Elixir.Karibuex.Server.Supervisor/1
    pid: <0.206.0>
    registered_name: []
    exception exit: {{start_spec,{invalid_mfa,{'Elixir.Karibuex.Server.Listener',start_link,#{'__struct__' => 'Elixir.Karibuex.Config',modules => ['Elixir.UserModuleTest'],modules_str => [<<"UserModuleTest">>],port => 5000,timeout => 1000,workers => 10}}}},[{gen_server,init_it,6,[{file,"gen_server.erl"},{line,344}]},{proc_lib,init_p_do_apply,3,[{file,"proc_lib.erl"},{line,240}]}]}
    ancestors: [<0.205.0>]
    messages: []
    links: [<0.205.0>]
    dictionary: []
    trap_exit: true
    status: running
    heap_size: 610
    stack_size: 27
    reductions: 585
  neighbours:
2016-06-09 11:50:59 =CRASH REPORT====
  crasher:
    initial call: application_master:init/4
    pid: <0.204.0>
    registered_name: []
    exception exit: {{{start_spec,{invalid_mfa,{'Elixir.Karibuex.Server.Listener',start_link,#{'__struct__' => 'Elixir.Karibuex.Config',modules => ['Elixir.UserModuleTest'],modules_str => [<<"UserModuleTest">>],port => 5000,timeout => 1000,workers => 10}}}},{'Elixir.Karibuex',start,[normal,[]]}},[{application_master,init,4,[{file,"application_master.erl"},{line,134}]},{proc_lib,init_p_do_apply,3,[{file,"proc_lib.erl"},{line,240}]}]}
    ancestors: [<0.203.0>]
    messages: [{'EXIT',<0.205.0>,normal}]
    links: [<0.203.0>,<0.7.0>]
    dictionary: []
    trap_exit: true
    status: running
    heap_size: 376
    stack_size: 27
    reductions: 117
  neighbours:
2016-06-09 11:58:54 =SUPERVISOR REPORT====
     Supervisor: {local,'Elixir.Logger.Supervisor'}
     Context:    child_terminated
     Reason:     normal
     Offender:   [{pid,<0.154.0>},{id,'Elixir.Logger.ErrorHandler'},{mfargs,{'Elixir.Logger.Watcher',watcher,[error_logger,'Elixir.Logger.ErrorHandler',{true,false,500},link]}},{restart_type,permanent},{shutdown,5000},{child_type,worker}]

2016-06-09 11:58:55 =CRASH REPORT====
  crasher:
    initial call: supervisor:Elixir.Karibuex.Server.Supervisor/1
    pid: <0.206.0>
    registered_name: []
    exception exit: {{start_spec,{invalid_mfa,{'Elixir.Karibuex.Server.Listener',start_link,#{'__struct__' => 'Elixir.Karibuex.Config',modules => ['Elixir.UserModuleTest'],modules_str => [<<"UserModuleTest">>],port => 5000,timeout => 1000,workers => 10}}}},[{gen_server,init_it,6,[{file,"gen_server.erl"},{line,344}]},{proc_lib,init_p_do_apply,3,[{file,"proc_lib.erl"},{line,240}]}]}
    ancestors: [<0.205.0>]
    messages: []
    links: [<0.205.0>]
    dictionary: []
    trap_exit: true
    status: running
    heap_size: 610
    stack_size: 27
    reductions: 592
  neighbours:
2016-06-09 11:58:55 =CRASH REPORT====
  crasher:
    initial call: application_master:init/4
    pid: <0.204.0>
    registered_name: []
    exception exit: {{{start_spec,{invalid_mfa,{'Elixir.Karibuex.Server.Listener',start_link,#{'__struct__' => 'Elixir.Karibuex.Config',modules => ['Elixir.UserModuleTest'],modules_str => [<<"UserModuleTest">>],port => 5000,timeout => 1000,workers => 10}}}},{'Elixir.Karibuex',start,[normal,[]]}},[{application_master,init,4,[{file,"application_master.erl"},{line,134}]},{proc_lib,init_p_do_apply,3,[{file,"proc_lib.erl"},{line,240}]}]}
    ancestors: [<0.203.0>]
    messages: [{'EXIT',<0.205.0>,normal}]
    links: [<0.203.0>,<0.7.0>]
    dictionary: []
    trap_exit: true
    status: running
    heap_size: 376
    stack_size: 27
    reductions: 117
  neighbours:
2016-06-09 12:00:11 =SUPERVISOR REPORT====
     Supervisor: {local,'Elixir.Logger.Supervisor'}
     Context:    child_terminated
     Reason:     normal
     Offender:   [{pid,<0.154.0>},{id,'Elixir.Logger.ErrorHandler'},{mfargs,{'Elixir.Logger.Watcher',watcher,[error_logger,'Elixir.Logger.ErrorHandler',{true,false,500},link]}},{restart_type,permanent},{shutdown,5000},{child_type,worker}]

2016-06-09 12:00:11 =CRASH REPORT====
  crasher:
    initial call: supervisor:Elixir.Karibuex.Server.Supervisor/1
    pid: <0.206.0>
    registered_name: []
    exception exit: {{start_spec,{invalid_mfa,{'Elixir.Karibuex.Server.Listener',start_link,#{'__struct__' => 'Elixir.Karibuex.Config',modules => ['Elixir.UserModuleTest'],modules_str => [<<"UserModuleTest">>],port => 5000,timeout => 1000,workers => 10}}}},[{gen_server,init_it,6,[{file,"gen_server.erl"},{line,344}]},{proc_lib,init_p_do_apply,3,[{file,"proc_lib.erl"},{line,240}]}]}
    ancestors: [<0.205.0>]
    messages: []
    links: [<0.205.0>]
    dictionary: []
    trap_exit: true
    status: running
    heap_size: 610
    stack_size: 27
    reductions: 592
  neighbours:
2016-06-09 12:00:11 =CRASH REPORT====
  crasher:
    initial call: application_master:init/4
    pid: <0.204.0>
    registered_name: []
    exception exit: {{{start_spec,{invalid_mfa,{'Elixir.Karibuex.Server.Listener',start_link,#{'__struct__' => 'Elixir.Karibuex.Config',modules => ['Elixir.UserModuleTest'],modules_str => [<<"UserModuleTest">>],port => 5000,timeout => 1000,workers => 10}}}},{'Elixir.Karibuex',start,[normal,[]]}},[{application_master,init,4,[{file,"application_master.erl"},{line,134}]},{proc_lib,init_p_do_apply,3,[{file,"proc_lib.erl"},{line,240}]}]}
    ancestors: [<0.203.0>]
    messages: [{'EXIT',<0.205.0>,normal}]
    links: [<0.203.0>,<0.7.0>]
    dictionary: []
    trap_exit: true
    status: running
    heap_size: 376
    stack_size: 27
    reductions: 117
  neighbours:
2016-06-09 12:00:46 =SUPERVISOR REPORT====
     Supervisor: {local,'Elixir.Logger.Supervisor'}
     Context:    child_terminated
     Reason:     normal
     Offender:   [{pid,<0.154.0>},{id,'Elixir.Logger.ErrorHandler'},{mfargs,{'Elixir.Logger.Watcher',watcher,[error_logger,'Elixir.Logger.ErrorHandler',{true,false,500},link]}},{restart_type,permanent},{shutdown,5000},{child_type,worker}]

2016-06-09 12:00:46 =CRASH REPORT====
  crasher:
    initial call: supervisor:Elixir.Karibuex.Server.Supervisor/1
    pid: <0.206.0>
    registered_name: []
    exception exit: {{start_spec,{invalid_mfa,{'Elixir.Karibuex.Server.Listener',start_link,#{'__struct__' => 'Elixir.Karibuex.Config',modules => ['Elixir.UserModuleTest'],modules_str => [<<"UserModuleTest">>],port => 5000,timeout => 1000,workers => 10}}}},[{gen_server,init_it,6,[{file,"gen_server.erl"},{line,344}]},{proc_lib,init_p_do_apply,3,[{file,"proc_lib.erl"},{line,240}]}]}
    ancestors: [<0.205.0>]
    messages: []
    links: [<0.205.0>]
    dictionary: []
    trap_exit: true
    status: running
    heap_size: 610
    stack_size: 27
    reductions: 592
  neighbours:
2016-06-09 12:00:46 =CRASH REPORT====
  crasher:
    initial call: application_master:init/4
    pid: <0.204.0>
    registered_name: []
    exception exit: {{{start_spec,{invalid_mfa,{'Elixir.Karibuex.Server.Listener',start_link,#{'__struct__' => 'Elixir.Karibuex.Config',modules => ['Elixir.UserModuleTest'],modules_str => [<<"UserModuleTest">>],port => 5000,timeout => 1000,workers => 10}}}},{'Elixir.Karibuex',start,[normal,[]]}},[{application_master,init,4,[{file,"application_master.erl"},{line,134}]},{proc_lib,init_p_do_apply,3,[{file,"proc_lib.erl"},{line,240}]}]}
    ancestors: [<0.203.0>]
    messages: [{'EXIT',<0.205.0>,normal}]
    links: [<0.203.0>,<0.7.0>]
    dictionary: []
    trap_exit: true
    status: running
    heap_size: 376
    stack_size: 27
    reductions: 117
  neighbours:
2016-06-09 12:01:14 =SUPERVISOR REPORT====
     Supervisor: {local,'Elixir.Logger.Supervisor'}
     Context:    child_terminated
     Reason:     normal
     Offender:   [{pid,<0.154.0>},{id,'Elixir.Logger.ErrorHandler'},{mfargs,{'Elixir.Logger.Watcher',watcher,[error_logger,'Elixir.Logger.ErrorHandler',{true,false,500},link]}},{restart_type,permanent},{shutdown,5000},{child_type,worker}]

2016-06-09 12:01:14 =CRASH REPORT====
  crasher:
    initial call: supervisor:Elixir.Karibuex.Server.Supervisor/1
    pid: <0.206.0>
    registered_name: []
    exception exit: {{start_spec,{invalid_mfa,{'Elixir.Karibuex.Server.Listener',start_link,#{'__struct__' => 'Elixir.Karibuex.Config',modules => ['Elixir.UserModuleTest'],modules_str => [<<"UserModuleTest">>],port => 5000,timeout => 1000,workers => 10}}}},[{gen_server,init_it,6,[{file,"gen_server.erl"},{line,344}]},{proc_lib,init_p_do_apply,3,[{file,"proc_lib.erl"},{line,240}]}]}
    ancestors: [<0.205.0>]
    messages: []
    links: [<0.205.0>]
    dictionary: []
    trap_exit: true
    status: running
    heap_size: 610
    stack_size: 27
    reductions: 592
  neighbours:
2016-06-09 12:01:14 =CRASH REPORT====
  crasher:
    initial call: application_master:init/4
    pid: <0.204.0>
    registered_name: []
    exception exit: {{{start_spec,{invalid_mfa,{'Elixir.Karibuex.Server.Listener',start_link,#{'__struct__' => 'Elixir.Karibuex.Config',modules => ['Elixir.UserModuleTest'],modules_str => [<<"UserModuleTest">>],port => 5000,timeout => 1000,workers => 10}}}},{'Elixir.Karibuex',start,[normal,[]]}},[{application_master,init,4,[{file,"application_master.erl"},{line,134}]},{proc_lib,init_p_do_apply,3,[{file,"proc_lib.erl"},{line,240}]}]}
    ancestors: [<0.203.0>]
    messages: [{'EXIT',<0.205.0>,normal}]
    links: [<0.203.0>,<0.7.0>]
    dictionary: []
    trap_exit: true
    status: running
    heap_size: 376
    stack_size: 27
    reductions: 117
  neighbours:
2016-06-09 12:02:34 =SUPERVISOR REPORT====
     Supervisor: {local,'Elixir.Logger.Supervisor'}
     Context:    child_terminated
     Reason:     normal
     Offender:   [{pid,<0.154.0>},{id,'Elixir.Logger.ErrorHandler'},{mfargs,{'Elixir.Logger.Watcher',watcher,[error_logger,'Elixir.Logger.ErrorHandler',{true,false,500},link]}},{restart_type,permanent},{shutdown,5000},{child_type,worker}]

2016-06-09 12:02:34 =ERROR REPORT====
** Task <0.220.0> terminating
** Started from <0.206.0>
** When function  == #Fun<erlang.apply.2>
**      arguments == [#Fun<Elixir.Karibuex.Server.Listener.1.92767451>,[]]
** Reason for termination == 
** {{badarity,{#Fun<Elixir.Karibuex.Server.Listener.1.92767451>,[]}},[{erlang,apply,2,[]},{'Elixir.Task.Supervised',do_apply,2,[{file,"lib/task/supervised.ex"},{line,89}]},{proc_lib,init_p_do_apply,3,[{file,"proc_lib.erl"},{line,240}]}]}
2016-06-09 12:02:34 =CRASH REPORT====
  crasher:
    initial call: erlang:apply/2
    pid: <0.220.0>
    registered_name: []
    exception exit: {{{badarity,{#Fun<Elixir.Karibuex.Server.Listener.1.92767451>,[]}},[{erlang,apply,2,[]},{'Elixir.Task.Supervised',do_apply,2,[{file,"lib/task/supervised.ex"},{line,89}]},{proc_lib,init_p_do_apply,3,[{file,"proc_lib.erl"},{line,240}]}]},[{'Elixir.Task.Supervised',exit,4,[{file,"lib/task/supervised.ex"},{line,120}]},{proc_lib,init_p_do_apply,3,[{file,"proc_lib.erl"},{line,240}]}]}
    ancestors: [<0.206.0>,<0.205.0>]
    messages: []
    links: [<0.206.0>]
    dictionary: []
    trap_exit: false
    status: running
    heap_size: 610
    stack_size: 27
    reductions: 116
  neighbours:
2016-06-09 12:02:34 =SUPERVISOR REPORT====
     Supervisor: {<0.206.0>,'Elixir.Karibuex.Server.Supervisor'}
     Context:    child_terminated
     Reason:     {{badarity,{#Fun<Elixir.Karibuex.Server.Listener.1.92767451>,[]}},[{erlang,apply,2,[]},{'Elixir.Task.Supervised',do_apply,2,[{file,"lib/task/supervised.ex"},{line,89}]},{proc_lib,init_p_do_apply,3,[{file,"proc_lib.erl"},{line,240}]}]}
     Offender:   [{pid,<0.220.0>},{id,'Elixir.Karibuex.Server.Listener'},{mfargs,{'Elixir.Karibuex.Server.Listener',start_link,[#{'__struct__' => 'Elixir.Karibuex.Config',modules => ['Elixir.UserModuleTest'],modules_str => [<<"UserModuleTest">>],port => 5000,timeout => 1000,workers => 10}]}},{restart_type,permanent},{shutdown,5000},{child_type,worker}]

2016-06-09 12:02:34 =ERROR REPORT====
** Task <0.221.0> terminating
** Started from <0.206.0>
** When function  == #Fun<erlang.apply.2>
**      arguments == [#Fun<Elixir.Karibuex.Server.Listener.1.92767451>,[]]
** Reason for termination == 
** {{badarity,{#Fun<Elixir.Karibuex.Server.Listener.1.92767451>,[]}},[{erlang,apply,2,[]},{'Elixir.Task.Supervised',do_apply,2,[{file,"lib/task/supervised.ex"},{line,89}]},{proc_lib,init_p_do_apply,3,[{file,"proc_lib.erl"},{line,240}]}]}
2016-06-09 12:02:34 =CRASH REPORT====
  crasher:
    initial call: erlang:apply/2
    pid: <0.221.0>
    registered_name: []
    exception exit: {{{badarity,{#Fun<Elixir.Karibuex.Server.Listener.1.92767451>,[]}},[{erlang,apply,2,[]},{'Elixir.Task.Supervised',do_apply,2,[{file,"lib/task/supervised.ex"},{line,89}]},{proc_lib,init_p_do_apply,3,[{file,"proc_lib.erl"},{line,240}]}]},[{'Elixir.Task.Supervised',exit,4,[{file,"lib/task/supervised.ex"},{line,120}]},{proc_lib,init_p_do_apply,3,[{file,"proc_lib.erl"},{line,240}]}]}
    ancestors: [<0.206.0>,<0.205.0>]
    messages: []
    links: [<0.206.0>]
    dictionary: []
    trap_exit: false
    status: running
    heap_size: 610
    stack_size: 27
    reductions: 112
  neighbours:
2016-06-09 12:02:34 =SUPERVISOR REPORT====
     Supervisor: {<0.206.0>,'Elixir.Karibuex.Server.Supervisor'}
     Context:    child_terminated
     Reason:     {{badarity,{#Fun<Elixir.Karibuex.Server.Listener.1.92767451>,[]}},[{erlang,apply,2,[]},{'Elixir.Task.Supervised',do_apply,2,[{file,"lib/task/supervised.ex"},{line,89}]},{proc_lib,init_p_do_apply,3,[{file,"proc_lib.erl"},{line,240}]}]}
     Offender:   [{pid,<0.221.0>},{id,'Elixir.Karibuex.Server.Listener'},{mfargs,{'Elixir.Karibuex.Server.Listener',start_link,[#{'__struct__' => 'Elixir.Karibuex.Config',modules => ['Elixir.UserModuleTest'],modules_str => [<<"UserModuleTest">>],port => 5000,timeout => 1000,workers => 10}]}},{restart_type,permanent},{shutdown,5000},{child_type,worker}]

2016-06-09 12:02:34 =ERROR REPORT====
** Task <0.222.0> terminating
** Started from <0.206.0>
** When function  == #Fun<erlang.apply.2>
**      arguments == [#Fun<Elixir.Karibuex.Server.Listener.1.92767451>,[]]
** Reason for termination == 
** {{badarity,{#Fun<Elixir.Karibuex.Server.Listener.1.92767451>,[]}},[{erlang,apply,2,[]},{'Elixir.Task.Supervised',do_apply,2,[{file,"lib/task/supervised.ex"},{line,89}]},{proc_lib,init_p_do_apply,3,[{file,"proc_lib.erl"},{line,240}]}]}
2016-06-09 12:02:34 =CRASH REPORT====
  crasher:
    initial call: erlang:apply/2
    pid: <0.222.0>
    registered_name: []
    exception exit: {{{badarity,{#Fun<Elixir.Karibuex.Server.Listener.1.92767451>,[]}},[{erlang,apply,2,[]},{'Elixir.Task.Supervised',do_apply,2,[{file,"lib/task/supervised.ex"},{line,89}]},{proc_lib,init_p_do_apply,3,[{file,"proc_lib.erl"},{line,240}]}]},[{'Elixir.Task.Supervised',exit,4,[{file,"lib/task/supervised.ex"},{line,120}]},{proc_lib,init_p_do_apply,3,[{file,"proc_lib.erl"},{line,240}]}]}
    ancestors: [<0.206.0>,<0.205.0>]
    messages: []
    links: [<0.206.0>]
    dictionary: []
    trap_exit: false
    status: running
    heap_size: 610
    stack_size: 27
    reductions: 144
  neighbours:
2016-06-09 12:02:34 =SUPERVISOR REPORT====
     Supervisor: {<0.206.0>,'Elixir.Karibuex.Server.Supervisor'}
     Context:    child_terminated
     Reason:     {{badarity,{#Fun<Elixir.Karibuex.Server.Listener.1.92767451>,[]}},[{erlang,apply,2,[]},{'Elixir.Task.Supervised',do_apply,2,[{file,"lib/task/supervised.ex"},{line,89}]},{proc_lib,init_p_do_apply,3,[{file,"proc_lib.erl"},{line,240}]}]}
     Offender:   [{pid,<0.222.0>},{id,'Elixir.Karibuex.Server.Listener'},{mfargs,{'Elixir.Karibuex.Server.Listener',start_link,[#{'__struct__' => 'Elixir.Karibuex.Config',modules => ['Elixir.UserModuleTest'],modules_str => [<<"UserModuleTest">>],port => 5000,timeout => 1000,workers => 10}]}},{restart_type,permanent},{shutdown,5000},{child_type,worker}]

2016-06-09 12:02:34 =ERROR REPORT====
** Task <0.223.0> terminating
** Started from <0.206.0>
** When function  == #Fun<erlang.apply.2>
**      arguments == [#Fun<Elixir.Karibuex.Server.Listener.1.92767451>,[]]
** Reason for termination == 
** {{badarity,{#Fun<Elixir.Karibuex.Server.Listener.1.92767451>,[]}},[{erlang,apply,2,[]},{'Elixir.Task.Supervised',do_apply,2,[{file,"lib/task/supervised.ex"},{line,89}]},{proc_lib,init_p_do_apply,3,[{file,"proc_lib.erl"},{line,240}]}]}
2016-06-09 12:02:34 =CRASH REPORT====
  crasher:
    initial call: erlang:apply/2
    pid: <0.223.0>
    registered_name: []
    exception exit: {{{badarity,{#Fun<Elixir.Karibuex.Server.Listener.1.92767451>,[]}},[{erlang,apply,2,[]},{'Elixir.Task.Supervised',do_apply,2,[{file,"lib/task/supervised.ex"},{line,89}]},{proc_lib,init_p_do_apply,3,[{file,"proc_lib.erl"},{line,240}]}]},[{'Elixir.Task.Supervised',exit,4,[{file,"lib/task/supervised.ex"},{line,120}]},{proc_lib,init_p_do_apply,3,[{file,"proc_lib.erl"},{line,240}]}]}
    ancestors: [<0.206.0>,<0.205.0>]
    messages: []
    links: [<0.206.0>]
    dictionary: []
    trap_exit: false
    status: running
    heap_size: 610
    stack_size: 27
    reductions: 160
  neighbours:
2016-06-09 12:02:34 =SUPERVISOR REPORT====
     Supervisor: {<0.206.0>,'Elixir.Karibuex.Server.Supervisor'}
     Context:    child_terminated
     Reason:     {{badarity,{#Fun<Elixir.Karibuex.Server.Listener.1.92767451>,[]}},[{erlang,apply,2,[]},{'Elixir.Task.Supervised',do_apply,2,[{file,"lib/task/supervised.ex"},{line,89}]},{proc_lib,init_p_do_apply,3,[{file,"proc_lib.erl"},{line,240}]}]}
     Offender:   [{pid,<0.223.0>},{id,'Elixir.Karibuex.Server.Listener'},{mfargs,{'Elixir.Karibuex.Server.Listener',start_link,[#{'__struct__' => 'Elixir.Karibuex.Config',modules => ['Elixir.UserModuleTest'],modules_str => [<<"UserModuleTest">>],port => 5000,timeout => 1000,workers => 10}]}},{restart_type,permanent},{shutdown,5000},{child_type,worker}]

2016-06-09 12:02:34 =SUPERVISOR REPORT====
     Supervisor: {<0.206.0>,'Elixir.Karibuex.Server.Supervisor'}
     Context:    shutdown
     Reason:     reached_max_restart_intensity
     Offender:   [{pid,<0.223.0>},{id,'Elixir.Karibuex.Server.Listener'},{mfargs,{'Elixir.Karibuex.Server.Listener',start_link,[#{'__struct__' => 'Elixir.Karibuex.Config',modules => ['Elixir.UserModuleTest'],modules_str => [<<"UserModuleTest">>],port => 5000,timeout => 1000,workers => 10}]}},{restart_type,permanent},{shutdown,5000},{child_type,worker}]

2016-06-09 12:03:01 =SUPERVISOR REPORT====
     Supervisor: {local,'Elixir.Logger.Supervisor'}
     Context:    child_terminated
     Reason:     normal
     Offender:   [{pid,<0.154.0>},{id,'Elixir.Logger.ErrorHandler'},{mfargs,{'Elixir.Logger.Watcher',watcher,[error_logger,'Elixir.Logger.ErrorHandler',{true,false,500},link]}},{restart_type,permanent},{shutdown,5000},{child_type,worker}]

2016-06-09 12:03:01 =SUPERVISOR REPORT====
     Supervisor: {<0.206.0>,'Elixir.Karibuex.Server.Supervisor'}
     Context:    start_error
     Reason:     {'EXIT',{function_clause,[{'Elixir.Karibuex.Server.Listener',start_link,[#{'__struct__' => 'Elixir.Karibuex.Config',modules => ['Elixir.UserModuleTest'],modules_str => [<<"UserModuleTest">>],port => 5000,timeout => 1000,workers => 10}],[{file,"lib/karibuex/server/listener.ex"},{line,4}]},{supervisor,do_start_child,2,[{file,"supervisor.erl"},{line,358}]},{supervisor,start_children,3,[{file,"supervisor.erl"},{line,341}]},{supervisor,init_children,2,[{file,"supervisor.erl"},{line,307}]},{gen_server,init_it,6,[{file,"gen_server.erl"},{line,328}]},{proc_lib,init_p_do_apply,3,[{file,"proc_lib.erl"},{line,240}]}]}}
     Offender:   [{pid,undefined},{id,'Elixir.Karibuex.Server.Listener'},{mfargs,{'Elixir.Karibuex.Server.Listener',start_link,[#{'__struct__' => 'Elixir.Karibuex.Config',modules => ['Elixir.UserModuleTest'],modules_str => [<<"UserModuleTest">>],port => 5000,timeout => 1000,workers => 10}]}},{restart_type,permanent},{shutdown,5000},{child_type,worker}]

2016-06-09 12:03:01 =CRASH REPORT====
  crasher:
    initial call: application_master:init/4
    pid: <0.204.0>
    registered_name: []
    exception exit: {{{shutdown,{failed_to_start_child,'Elixir.Karibuex.Server.Listener',{'EXIT',{function_clause,[{'Elixir.Karibuex.Server.Listener',start_link,[#{'__struct__' => 'Elixir.Karibuex.Config',modules => ['Elixir.UserModuleTest'],modules_str => [<<"UserModuleTest">>],port => 5000,timeout => 1000,workers => 10}],[{file,"lib/karibuex/server/listener.ex"},{line,4}]},{supervisor,do_start_child,2,[{file,"supervisor.erl"},{line,358}]},{supervisor,start_children,3,[{file,"supervisor.erl"},{line,341}]},{supervisor,init_children,2,[{file,"supervisor.erl"},{line,307}]},{gen_server,init_it,6,[{file,"gen_server.erl"},{line,328}]},{proc_lib,init_p_do_apply,3,[{file,"proc_lib.erl"},{line,240}]}]}}}},{'Elixir.Karibuex',start,[normal,[]]}},[{application_master,init,4,[{file,"application_master.erl"},{line,134}]},{proc_lib,init_p_do_apply,3,[{file,"proc_lib.erl"},{line,240}]}]}
    ancestors: [<0.203.0>]
    messages: [{'EXIT',<0.205.0>,normal}]
    links: [<0.203.0>,<0.7.0>]
    dictionary: []
    trap_exit: true
    status: running
    heap_size: 987
    stack_size: 27
    reductions: 186
  neighbours:
2016-06-09 12:03:21 =SUPERVISOR REPORT====
     Supervisor: {local,'Elixir.Logger.Supervisor'}
     Context:    child_terminated
     Reason:     normal
     Offender:   [{pid,<0.154.0>},{id,'Elixir.Logger.ErrorHandler'},{mfargs,{'Elixir.Logger.Watcher',watcher,[error_logger,'Elixir.Logger.ErrorHandler',{true,false,500},link]}},{restart_type,permanent},{shutdown,5000},{child_type,worker}]

2016-06-09 12:03:21 =ERROR REPORT====
** Task <0.220.0> terminating
** Started from <0.206.0>
** When function  == #Fun<erlang.apply.2>
**      arguments == [#Fun<Elixir.Karibuex.Server.Listener.1.24962605>,[]]
** Reason for termination == 
** {{badarity,{#Fun<Elixir.Karibuex.Server.Listener.1.24962605>,[]}},[{erlang,apply,2,[]},{'Elixir.Task.Supervised',do_apply,2,[{file,"lib/task/supervised.ex"},{line,89}]},{proc_lib,init_p_do_apply,3,[{file,"proc_lib.erl"},{line,240}]}]}
2016-06-09 12:03:21 =CRASH REPORT====
  crasher:
    initial call: erlang:apply/2
    pid: <0.220.0>
    registered_name: []
    exception exit: {{{badarity,{#Fun<Elixir.Karibuex.Server.Listener.1.24962605>,[]}},[{erlang,apply,2,[]},{'Elixir.Task.Supervised',do_apply,2,[{file,"lib/task/supervised.ex"},{line,89}]},{proc_lib,init_p_do_apply,3,[{file,"proc_lib.erl"},{line,240}]}]},[{'Elixir.Task.Supervised',exit,4,[{file,"lib/task/supervised.ex"},{line,120}]},{proc_lib,init_p_do_apply,3,[{file,"proc_lib.erl"},{line,240}]}]}
    ancestors: [<0.206.0>,<0.205.0>]
    messages: []
    links: [<0.206.0>]
    dictionary: []
    trap_exit: false
    status: running
    heap_size: 610
    stack_size: 27
    reductions: 116
  neighbours:
2016-06-09 12:03:21 =SUPERVISOR REPORT====
     Supervisor: {<0.206.0>,'Elixir.Karibuex.Server.Supervisor'}
     Context:    child_terminated
     Reason:     {{badarity,{#Fun<Elixir.Karibuex.Server.Listener.1.24962605>,[]}},[{erlang,apply,2,[]},{'Elixir.Task.Supervised',do_apply,2,[{file,"lib/task/supervised.ex"},{line,89}]},{proc_lib,init_p_do_apply,3,[{file,"proc_lib.erl"},{line,240}]}]}
     Offender:   [{pid,<0.220.0>},{id,'Elixir.Karibuex.Server.Listener'},{mfargs,{'Elixir.Karibuex.Server.Listener',start_link,[#{'__struct__' => 'Elixir.Karibuex.Config',modules => ['Elixir.UserModuleTest'],modules_str => [<<"UserModuleTest">>],port => 5000,timeout => 1000,workers => 10}]}},{restart_type,permanent},{shutdown,5000},{child_type,worker}]

2016-06-09 12:03:21 =ERROR REPORT====
** Task <0.221.0> terminating
** Started from <0.206.0>
** When function  == #Fun<erlang.apply.2>
**      arguments == [#Fun<Elixir.Karibuex.Server.Listener.1.24962605>,[]]
** Reason for termination == 
** {{badarity,{#Fun<Elixir.Karibuex.Server.Listener.1.24962605>,[]}},[{erlang,apply,2,[]},{'Elixir.Task.Supervised',do_apply,2,[{file,"lib/task/supervised.ex"},{line,89}]},{proc_lib,init_p_do_apply,3,[{file,"proc_lib.erl"},{line,240}]}]}
2016-06-09 12:03:21 =CRASH REPORT====
  crasher:
    initial call: erlang:apply/2
    pid: <0.221.0>
    registered_name: []
    exception exit: {{{badarity,{#Fun<Elixir.Karibuex.Server.Listener.1.24962605>,[]}},[{erlang,apply,2,[]},{'Elixir.Task.Supervised',do_apply,2,[{file,"lib/task/supervised.ex"},{line,89}]},{proc_lib,init_p_do_apply,3,[{file,"proc_lib.erl"},{line,240}]}]},[{'Elixir.Task.Supervised',exit,4,[{file,"lib/task/supervised.ex"},{line,120}]},{proc_lib,init_p_do_apply,3,[{file,"proc_lib.erl"},{line,240}]}]}
    ancestors: [<0.206.0>,<0.205.0>]
    messages: []
    links: [<0.206.0>]
    dictionary: []
    trap_exit: false
    status: running
    heap_size: 610
    stack_size: 27
    reductions: 112
  neighbours:
2016-06-09 12:03:21 =SUPERVISOR REPORT====
     Supervisor: {<0.206.0>,'Elixir.Karibuex.Server.Supervisor'}
     Context:    child_terminated
     Reason:     {{badarity,{#Fun<Elixir.Karibuex.Server.Listener.1.24962605>,[]}},[{erlang,apply,2,[]},{'Elixir.Task.Supervised',do_apply,2,[{file,"lib/task/supervised.ex"},{line,89}]},{proc_lib,init_p_do_apply,3,[{file,"proc_lib.erl"},{line,240}]}]}
     Offender:   [{pid,<0.221.0>},{id,'Elixir.Karibuex.Server.Listener'},{mfargs,{'Elixir.Karibuex.Server.Listener',start_link,[#{'__struct__' => 'Elixir.Karibuex.Config',modules => ['Elixir.UserModuleTest'],modules_str => [<<"UserModuleTest">>],port => 5000,timeout => 1000,workers => 10}]}},{restart_type,permanent},{shutdown,5000},{child_type,worker}]

2016-06-09 12:03:21 =ERROR REPORT====
** Task <0.222.0> terminating
** Started from <0.206.0>
** When function  == #Fun<erlang.apply.2>
**      arguments == [#Fun<Elixir.Karibuex.Server.Listener.1.24962605>,[]]
** Reason for termination == 
** {{badarity,{#Fun<Elixir.Karibuex.Server.Listener.1.24962605>,[]}},[{erlang,apply,2,[]},{'Elixir.Task.Supervised',do_apply,2,[{file,"lib/task/supervised.ex"},{line,89}]},{proc_lib,init_p_do_apply,3,[{file,"proc_lib.erl"},{line,240}]}]}
2016-06-09 12:03:21 =CRASH REPORT====
  crasher:
    initial call: erlang:apply/2
    pid: <0.222.0>
    registered_name: []
    exception exit: {{{badarity,{#Fun<Elixir.Karibuex.Server.Listener.1.24962605>,[]}},[{erlang,apply,2,[]},{'Elixir.Task.Supervised',do_apply,2,[{file,"lib/task/supervised.ex"},{line,89}]},{proc_lib,init_p_do_apply,3,[{file,"proc_lib.erl"},{line,240}]}]},[{'Elixir.Task.Supervised',exit,4,[{file,"lib/task/supervised.ex"},{line,120}]},{proc_lib,init_p_do_apply,3,[{file,"proc_lib.erl"},{line,240}]}]}
    ancestors: [<0.206.0>,<0.205.0>]
    messages: []
    links: [<0.206.0>]
    dictionary: []
    trap_exit: false
    status: running
    heap_size: 610
    stack_size: 27
    reductions: 144
  neighbours:
2016-06-09 12:03:21 =SUPERVISOR REPORT====
     Supervisor: {<0.206.0>,'Elixir.Karibuex.Server.Supervisor'}
     Context:    child_terminated
     Reason:     {{badarity,{#Fun<Elixir.Karibuex.Server.Listener.1.24962605>,[]}},[{erlang,apply,2,[]},{'Elixir.Task.Supervised',do_apply,2,[{file,"lib/task/supervised.ex"},{line,89}]},{proc_lib,init_p_do_apply,3,[{file,"proc_lib.erl"},{line,240}]}]}
     Offender:   [{pid,<0.222.0>},{id,'Elixir.Karibuex.Server.Listener'},{mfargs,{'Elixir.Karibuex.Server.Listener',start_link,[#{'__struct__' => 'Elixir.Karibuex.Config',modules => ['Elixir.UserModuleTest'],modules_str => [<<"UserModuleTest">>],port => 5000,timeout => 1000,workers => 10}]}},{restart_type,permanent},{shutdown,5000},{child_type,worker}]

2016-06-09 12:03:21 =ERROR REPORT====
** Task <0.223.0> terminating
** Started from <0.206.0>
** When function  == #Fun<erlang.apply.2>
**      arguments == [#Fun<Elixir.Karibuex.Server.Listener.1.24962605>,[]]
** Reason for termination == 
** {{badarity,{#Fun<Elixir.Karibuex.Server.Listener.1.24962605>,[]}},[{erlang,apply,2,[]},{'Elixir.Task.Supervised',do_apply,2,[{file,"lib/task/supervised.ex"},{line,89}]},{proc_lib,init_p_do_apply,3,[{file,"proc_lib.erl"},{line,240}]}]}
2016-06-09 12:03:21 =CRASH REPORT====
  crasher:
    initial call: erlang:apply/2
    pid: <0.223.0>
    registered_name: []
    exception exit: {{{badarity,{#Fun<Elixir.Karibuex.Server.Listener.1.24962605>,[]}},[{erlang,apply,2,[]},{'Elixir.Task.Supervised',do_apply,2,[{file,"lib/task/supervised.ex"},{line,89}]},{proc_lib,init_p_do_apply,3,[{file,"proc_lib.erl"},{line,240}]}]},[{'Elixir.Task.Supervised',exit,4,[{file,"lib/task/supervised.ex"},{line,120}]},{proc_lib,init_p_do_apply,3,[{file,"proc_lib.erl"},{line,240}]}]}
    ancestors: [<0.206.0>,<0.205.0>]
    messages: []
    links: [<0.206.0>]
    dictionary: []
    trap_exit: false
    status: running
    heap_size: 610
    stack_size: 27
    reductions: 160
  neighbours:
2016-06-09 12:03:21 =SUPERVISOR REPORT====
     Supervisor: {<0.206.0>,'Elixir.Karibuex.Server.Supervisor'}
     Context:    child_terminated
     Reason:     {{badarity,{#Fun<Elixir.Karibuex.Server.Listener.1.24962605>,[]}},[{erlang,apply,2,[]},{'Elixir.Task.Supervised',do_apply,2,[{file,"lib/task/supervised.ex"},{line,89}]},{proc_lib,init_p_do_apply,3,[{file,"proc_lib.erl"},{line,240}]}]}
     Offender:   [{pid,<0.223.0>},{id,'Elixir.Karibuex.Server.Listener'},{mfargs,{'Elixir.Karibuex.Server.Listener',start_link,[#{'__struct__' => 'Elixir.Karibuex.Config',modules => ['Elixir.UserModuleTest'],modules_str => [<<"UserModuleTest">>],port => 5000,timeout => 1000,workers => 10}]}},{restart_type,permanent},{shutdown,5000},{child_type,worker}]

2016-06-09 12:03:21 =SUPERVISOR REPORT====
     Supervisor: {<0.206.0>,'Elixir.Karibuex.Server.Supervisor'}
     Context:    shutdown
     Reason:     reached_max_restart_intensity
     Offender:   [{pid,<0.223.0>},{id,'Elixir.Karibuex.Server.Listener'},{mfargs,{'Elixir.Karibuex.Server.Listener',start_link,[#{'__struct__' => 'Elixir.Karibuex.Config',modules => ['Elixir.UserModuleTest'],modules_str => [<<"UserModuleTest">>],port => 5000,timeout => 1000,workers => 10}]}},{restart_type,permanent},{shutdown,5000},{child_type,worker}]

2016-06-09 12:06:59 =SUPERVISOR REPORT====
     Supervisor: {local,'Elixir.Logger.Supervisor'}
     Context:    child_terminated
     Reason:     normal
     Offender:   [{pid,<0.154.0>},{id,'Elixir.Logger.ErrorHandler'},{mfargs,{'Elixir.Logger.Watcher',watcher,[error_logger,'Elixir.Logger.ErrorHandler',{true,false,500},link]}},{restart_type,permanent},{shutdown,5000},{child_type,worker}]

2016-06-09 12:09:17 =SUPERVISOR REPORT====
     Supervisor: {local,'Elixir.Logger.Supervisor'}
     Context:    child_terminated
     Reason:     normal
     Offender:   [{pid,<0.154.0>},{id,'Elixir.Logger.ErrorHandler'},{mfargs,{'Elixir.Logger.Watcher',watcher,[error_logger,'Elixir.Logger.ErrorHandler',{true,false,500},link]}},{restart_type,permanent},{shutdown,5000},{child_type,worker}]

2016-06-09 12:12:08 =SUPERVISOR REPORT====
     Supervisor: {local,'Elixir.Logger.Supervisor'}
     Context:    child_terminated
     Reason:     normal
     Offender:   [{pid,<0.154.0>},{id,'Elixir.Logger.ErrorHandler'},{mfargs,{'Elixir.Logger.Watcher',watcher,[error_logger,'Elixir.Logger.ErrorHandler',{true,false,500},link]}},{restart_type,permanent},{shutdown,5000},{child_type,worker}]

2016-06-09 12:12:38 =SUPERVISOR REPORT====
     Supervisor: {local,'Elixir.Logger.Supervisor'}
     Context:    child_terminated
     Reason:     normal
     Offender:   [{pid,<0.141.0>},{id,'Elixir.Logger.ErrorHandler'},{mfargs,{'Elixir.Logger.Watcher',watcher,[error_logger,'Elixir.Logger.ErrorHandler',{true,false,500},link]}},{restart_type,permanent},{shutdown,5000},{child_type,worker}]

2016-06-09 12:18:37 =SUPERVISOR REPORT====
     Supervisor: {local,'Elixir.Logger.Supervisor'}
     Context:    child_terminated
     Reason:     normal
     Offender:   [{pid,<0.228.0>},{id,'Elixir.Logger.ErrorHandler'},{mfargs,{'Elixir.Logger.Watcher',watcher,[error_logger,'Elixir.Logger.ErrorHandler',{true,false,500},link]}},{restart_type,permanent},{shutdown,5000},{child_type,worker}]

2016-06-09 12:21:00 =SUPERVISOR REPORT====
     Supervisor: {local,'Elixir.Logger.Supervisor'}
     Context:    child_terminated
     Reason:     normal
     Offender:   [{pid,<0.228.0>},{id,'Elixir.Logger.ErrorHandler'},{mfargs,{'Elixir.Logger.Watcher',watcher,[error_logger,'Elixir.Logger.ErrorHandler',{true,false,500},link]}},{restart_type,permanent},{shutdown,5000},{child_type,worker}]

2016-06-09 12:23:17 =SUPERVISOR REPORT====
     Supervisor: {local,'Elixir.Logger.Supervisor'}
     Context:    child_terminated
     Reason:     normal
     Offender:   [{pid,<0.154.0>},{id,'Elixir.Logger.ErrorHandler'},{mfargs,{'Elixir.Logger.Watcher',watcher,[error_logger,'Elixir.Logger.ErrorHandler',{true,false,500},link]}},{restart_type,permanent},{shutdown,5000},{child_type,worker}]

2016-06-09 12:26:39 =SUPERVISOR REPORT====
     Supervisor: {local,'Elixir.Logger.Supervisor'}
     Context:    child_terminated
     Reason:     normal
     Offender:   [{pid,<0.228.0>},{id,'Elixir.Logger.ErrorHandler'},{mfargs,{'Elixir.Logger.Watcher',watcher,[error_logger,'Elixir.Logger.ErrorHandler',{true,false,500},link]}},{restart_type,permanent},{shutdown,5000},{child_type,worker}]

